<?xml version="1.0" encoding="UTF-8"?>
<!-- Generated by org.testng.reporters.JUnitReportReporter -->
<testsuite hostname="victor-VirtualBox" name="Testng" tests="1" failures="0" timestamp="14 Jan 2016 22:30:55 GMT" time="1.740" errors="0">
  <testcase name="title" time="1.740" classname="Testng"/>
</testsuite> <!-- Testng -->
