<?xml version="1.0" encoding="UTF-8"?>
<!-- Generated by org.testng.reporters.JUnitReportReporter -->
<testsuite hostname="326d8b2a1a33" name="Testng2" tests="1" failures="0" timestamp="15 Jan 2016 16:43:25 GMT" time="1.463" errors="0">
  <testcase name="title" time="1.463" classname="Testng2"/>
</testsuite> <!-- Testng2 -->
